turbo 2.5.4

• Packages in scope: @boxingundefeated-com, @daft-fm, @dev, @serp-ai, @serp-co, @serp-media, @serp/api, @serp/auth, @serp/db, @serp/instrumentation, @serp/notifications, @serp/tools, @serp/types, @serp/ui, @serp/utils
• Running typecheck in 15 packages
• Remote caching disabled
@boxingundefeated-com:typecheck: cache miss, executing 0e7c65abc9fd90fa
@serp-co:typecheck: cache miss, executing f1861f0160e6c4c3
@serp-ai:typecheck: cache miss, executing c7cc0726ef762e65
@dev:typecheck: cache miss, executing 7a3a83f83911ee8b
@daft-fm:typecheck: cache miss, executing b727fe05ce0b717a
@serp-media:typecheck: cache miss, executing 05ff38a4fb393f3c
@boxingundefeated-com:typecheck: 
@boxingundefeated-com:typecheck: > @boxingundefeated-com@ typecheck /Users/devin/repos/projects/serp-monorepo/apps/boxingundefeated-com
@boxingundefeated-com:typecheck: > nuxt typecheck
@boxingundefeated-com:typecheck: 
@serp-co:typecheck: 
@serp-co:typecheck: > @serp-co@ typecheck /Users/devin/repos/projects/serp-monorepo/apps/serp-co
@serp-co:typecheck: > nuxt typecheck
@serp-co:typecheck: 
@daft-fm:typecheck: 
@daft-fm:typecheck: > @daft-fm@ typecheck /Users/devin/repos/projects/serp-monorepo/apps/daft-fm
@daft-fm:typecheck: > nuxt typecheck
@daft-fm:typecheck: 
@serp-ai:typecheck: 
@serp-ai:typecheck: > @serp-ai@ typecheck /Users/devin/repos/projects/serp-monorepo/apps/serp-ai
@serp-ai:typecheck: > nuxt typecheck
@serp-ai:typecheck: 
@dev:typecheck: 
@dev:typecheck: > @dev@ typecheck /Users/devin/repos/projects/serp-monorepo/apps/dev
@dev:typecheck: > nuxt typecheck
@dev:typecheck: 
@serp-media:typecheck: 
@serp-media:typecheck: > @serp-media@ typecheck /Users/devin/repos/projects/serp-monorepo/apps/serp-media
@serp-media:typecheck: > nuxt typecheck
@serp-media:typecheck: 
@boxingundefeated-com:typecheck: ℹ Using html-validate to validate server-rendered HTML
@daft-fm:typecheck: ℹ Using html-validate to validate server-rendered HTML
@serp-media:typecheck: ℹ Using html-validate to validate server-rendered HTML
@serp-ai:typecheck: ℹ Using html-validate to validate server-rendered HTML
@dev:typecheck: 
@dev:typecheck: [@nuxt/content]  WARN  No content configuration found, falling back to default collection. In order to have full control over your collections, create the config file in project root. See: https://content.nuxt.com/docs/getting-started/installation
@dev:typecheck: 
@serp-co:typecheck: 
@serp-co:typecheck: [@nuxt/content]  WARN  No content configuration found, falling back to default collection. In order to have full control over your collections, create the config file in project root. See: https://content.nuxt.com/docs/getting-started/installation
@serp-co:typecheck: 
@dev:typecheck: ℹ Using html-validate to validate server-rendered HTML
@serp-co:typecheck: ℹ Using html-validate to validate server-rendered HTML
@serp-ai:typecheck: ℹ Nuxt Icon server bundle mode is set to local
@daft-fm:typecheck: ℹ Nuxt Icon server bundle mode is set to local
@serp-media:typecheck: ℹ Nuxt Icon server bundle mode is set to local
@boxingundefeated-com:typecheck: ℹ Nuxt Icon server bundle mode is set to local
@dev:typecheck: ℹ Nuxt Icon server bundle mode is set to local
@serp-co:typecheck: ℹ Nuxt Icon server bundle mode is set to local
@daft-fm:typecheck: ✔ Nuxt Icon discovered local-installed 2 collections: lucide, simple-icons
@daft-fm:typecheck: ✔ Nuxt Icon loaded local collection custom with 0 icons
@serp-ai:typecheck: ✔ Nuxt Icon discovered local-installed 2 collections: lucide, simple-icons
@serp-ai:typecheck: ✔ Nuxt Icon loaded local collection custom with 0 icons
@serp-media:typecheck: ✔ Nuxt Icon discovered local-installed 2 collections: lucide, simple-icons
@serp-media:typecheck: ✔ Nuxt Icon loaded local collection custom with 0 icons
@boxingundefeated-com:typecheck: ✔ Nuxt Icon discovered local-installed 2 collections: lucide, simple-icons
@boxingundefeated-com:typecheck: ✔ Nuxt Icon loaded local collection custom with 0 icons
@dev:typecheck: ✔ Nuxt Icon discovered local-installed 2 collections: lucide, simple-icons
@dev:typecheck: ✔ Nuxt Icon loaded local collection custom with 0 icons
@serp-co:typecheck: ✔ Nuxt Icon discovered local-installed 2 collections: lucide, simple-icons
@serp-co:typecheck: ✔ Nuxt Icon loaded local collection custom with 0 icons
@boxingundefeated-com:typecheck: ../../packages/ui/components/App/Sidebar/Sidebar.vue(24,7): error TS1109: Expression expected.
@daft-fm:typecheck: ../../packages/ui/components/App/Sidebar/Sidebar.vue(24,7): error TS1109: Expression expected.
@daft-fm:typecheck: ../../packages/ui/components/SPage/Album/Single.vue(50,7): error TS1109: Expression expected.
@boxingundefeated-com:typecheck: ../../packages/ui/components/SPage/Album/Single.vue(50,7): error TS1109: Expression expected.
@daft-fm:typecheck: ../../packages/ui/components/SPage/Album/Single.vue(82,7): error TS1135: Argument expression expected.
@boxingundefeated-com:typecheck: ../../packages/ui/components/SPage/Album/Single.vue(82,7): error TS1135: Argument expression expected.
@daft-fm:typecheck: ../../packages/ui/components/SPage/Artist/Single.vue(31,7): error TS1109: Expression expected.
@boxingundefeated-com:typecheck: ../../packages/ui/components/SPage/Artist/Single.vue(31,7): error TS1109: Expression expected.
@serp-ai:typecheck: ../../packages/ui/components/App/Sidebar/Sidebar.vue(24,7): error TS1109: Expression expected.
@serp-ai:typecheck: ../../packages/ui/components/SPage/Album/Single.vue(50,7): error TS1109: Expression expected.
@serp-ai:typecheck: ../../packages/ui/components/SPage/Album/Single.vue(82,7): error TS1135: Argument expression expected.
@serp-ai:typecheck: ../../packages/ui/components/SPage/Artist/Single.vue(31,7): error TS1109: Expression expected.
@serp-media:typecheck: ../../packages/ui/components/App/Sidebar/Sidebar.vue(24,7): error TS1109: Expression expected.
@serp-media:typecheck: ../../packages/ui/components/SPage/Album/Single.vue(50,7): error TS1109: Expression expected.
@serp-media:typecheck: ../../packages/ui/components/SPage/Album/Single.vue(82,7): error TS1135: Argument expression expected.
@serp-media:typecheck: ../../packages/ui/components/SPage/Artist/Single.vue(31,7): error TS1109: Expression expected.
@boxingundefeated-com:typecheck: 
@boxingundefeated-com:typecheck:  ERROR  Process exited with non-zero status (2)
@boxingundefeated-com:typecheck: 
@boxingundefeated-com:typecheck:     at R._waitForOutput (/Users/devin/repos/projects/serp-monorepo/node_modules/.pnpm/tinyexec@1.0.1/node_modules/tinyexec/dist/main.js:530:13)
@boxingundefeated-com:typecheck:     at process.processTicksAndRejections (node:internal/process/task_queues:105:5)
@boxingundefeated-com:typecheck:     at async Object.run (/Users/devin/repos/projects/serp-monorepo/node_modules/.pnpm/@nuxt+cli@3.25.1_magicast@0.3.5/node_modules/@nuxt/cli/dist/chunks/typecheck.mjs:70:9)
@boxingundefeated-com:typecheck:     at async runCommand (/Users/devin/repos/projects/serp-monorepo/node_modules/.pnpm/citty@0.1.6/node_modules/citty/dist/index.mjs:316:16)
@boxingundefeated-com:typecheck:     at async runCommand (/Users/devin/repos/projects/serp-monorepo/node_modules/.pnpm/citty@0.1.6/node_modules/citty/dist/index.mjs:307:11)
@boxingundefeated-com:typecheck:     at async runMain (/Users/devin/repos/projects/serp-monorepo/node_modules/.pnpm/citty@0.1.6/node_modules/citty/dist/index.mjs:445:7) 
@boxingundefeated-com:typecheck: 
@boxingundefeated-com:typecheck: 
@daft-fm:typecheck: 
@daft-fm:typecheck:  ERROR  Process exited with non-zero status (2)
@daft-fm:typecheck: 
@daft-fm:typecheck:     at R._waitForOutput (/Users/devin/repos/projects/serp-monorepo/node_modules/.pnpm/tinyexec@1.0.1/node_modules/tinyexec/dist/main.js:530:13)
@daft-fm:typecheck:     at process.processTicksAndRejections (node:internal/process/task_queues:105:5)
@daft-fm:typecheck:     at async Object.run (/Users/devin/repos/projects/serp-monorepo/node_modules/.pnpm/@nuxt+cli@3.25.1_magicast@0.3.5/node_modules/@nuxt/cli/dist/chunks/typecheck.mjs:70:9)
@daft-fm:typecheck:     at async runCommand (/Users/devin/repos/projects/serp-monorepo/node_modules/.pnpm/citty@0.1.6/node_modules/citty/dist/index.mjs:316:16)
@daft-fm:typecheck:     at async runCommand (/Users/devin/repos/projects/serp-monorepo/node_modules/.pnpm/citty@0.1.6/node_modules/citty/dist/index.mjs:307:11)
@daft-fm:typecheck:     at async runMain (/Users/devin/repos/projects/serp-monorepo/node_modules/.pnpm/citty@0.1.6/node_modules/citty/dist/index.mjs:445:7) 
@daft-fm:typecheck: 
@daft-fm:typecheck: 
@serp-ai:typecheck: 
@serp-ai:typecheck:  ERROR  Process exited with non-zero status (2)
@serp-ai:typecheck: 
@serp-ai:typecheck:     at R._waitForOutput (/Users/devin/repos/projects/serp-monorepo/node_modules/.pnpm/tinyexec@1.0.1/node_modules/tinyexec/dist/main.js:530:13)
@serp-ai:typecheck:     at process.processTicksAndRejections (node:internal/process/task_queues:105:5)
@serp-ai:typecheck:     at async Object.run (/Users/devin/repos/projects/serp-monorepo/node_modules/.pnpm/@nuxt+cli@3.25.1_magicast@0.3.5/node_modules/@nuxt/cli/dist/chunks/typecheck.mjs:70:9)
@serp-ai:typecheck:     at async runCommand (/Users/devin/repos/projects/serp-monorepo/node_modules/.pnpm/citty@0.1.6/node_modules/citty/dist/index.mjs:316:16)
@serp-ai:typecheck:     at async runCommand (/Users/devin/repos/projects/serp-monorepo/node_modules/.pnpm/citty@0.1.6/node_modules/citty/dist/index.mjs:307:11)
@serp-ai:typecheck:     at async runMain (/Users/devin/repos/projects/serp-monorepo/node_modules/.pnpm/citty@0.1.6/node_modules/citty/dist/index.mjs:445:7) 
@serp-ai:typecheck: 
@serp-ai:typecheck: 
@boxingundefeated-com:typecheck: 
@boxingundefeated-com:typecheck:  ERROR  Process exited with non-zero status (2)
@boxingundefeated-com:typecheck: 
@daft-fm:typecheck: 
@daft-fm:typecheck:  ERROR  Process exited with non-zero status (2)
@daft-fm:typecheck: 
@serp-ai:typecheck: 
@serp-ai:typecheck:  ERROR  Process exited with non-zero status (2)
@serp-ai:typecheck: 
@serp-media:typecheck: 
@serp-media:typecheck:  ERROR  Process exited with non-zero status (2)
@serp-media:typecheck: 
@serp-media:typecheck:     at R._waitForOutput (/Users/devin/repos/projects/serp-monorepo/node_modules/.pnpm/tinyexec@1.0.1/node_modules/tinyexec/dist/main.js:530:13)
@serp-media:typecheck:     at process.processTicksAndRejections (node:internal/process/task_queues:105:5)
@serp-media:typecheck:     at async Object.run (/Users/devin/repos/projects/serp-monorepo/node_modules/.pnpm/@nuxt+cli@3.25.1_magicast@0.3.5/node_modules/@nuxt/cli/dist/chunks/typecheck.mjs:70:9)
@serp-media:typecheck:     at async runCommand (/Users/devin/repos/projects/serp-monorepo/node_modules/.pnpm/citty@0.1.6/node_modules/citty/dist/index.mjs:316:16)
@serp-media:typecheck:     at async runCommand (/Users/devin/repos/projects/serp-monorepo/node_modules/.pnpm/citty@0.1.6/node_modules/citty/dist/index.mjs:307:11)
@serp-media:typecheck:     at async runMain (/Users/devin/repos/projects/serp-monorepo/node_modules/.pnpm/citty@0.1.6/node_modules/citty/dist/index.mjs:445:7) 
@serp-media:typecheck: 
@serp-media:typecheck: 
@serp-media:typecheck: 
@serp-media:typecheck:  ERROR  Process exited with non-zero status (2)
@serp-media:typecheck: 
@daft-fm:typecheck:  ELIFECYCLE  Command failed with exit code 1.
@serp-ai:typecheck:  ELIFECYCLE  Command failed with exit code 1.
@boxingundefeated-com:typecheck:  ELIFECYCLE  Command failed with exit code 1.
@serp-media:typecheck:  ELIFECYCLE  Command failed with exit code 1.
@boxingundefeated-com:typecheck: command finished with error, but continuing...
@serp-ai:typecheck: command finished with error, but continuing...
@daft-fm:typecheck: command finished with error, but continuing...
@serp-media:typecheck: command finished with error, but continuing...
@serp-co:typecheck: ../../packages/ui/components/App/Sidebar/Sidebar.vue(24,7): error TS1109: Expression expected.
@serp-co:typecheck: ../../packages/ui/components/SPage/Album/Single.vue(50,7): error TS1109: Expression expected.
@serp-co:typecheck: ../../packages/ui/components/SPage/Album/Single.vue(82,7): error TS1135: Argument expression expected.
@serp-co:typecheck: ../../packages/ui/components/SPage/Artist/Single.vue(31,7): error TS1109: Expression expected.
@dev:typecheck: ../../packages/ui/components/App/Sidebar/Sidebar.vue(24,7): error TS1109: Expression expected.
@dev:typecheck: ../../packages/ui/components/SPage/Album/Single.vue(50,7): error TS1109: Expression expected.
@dev:typecheck: ../../packages/ui/components/SPage/Album/Single.vue(82,7): error TS1135: Argument expression expected.
@dev:typecheck: ../../packages/ui/components/SPage/Artist/Single.vue(31,7): error TS1109: Expression expected.
@serp-co:typecheck: 
@serp-co:typecheck:  ERROR  Process exited with non-zero status (2)
@serp-co:typecheck: 
@serp-co:typecheck:     at R._waitForOutput (/Users/devin/repos/projects/serp-monorepo/node_modules/.pnpm/tinyexec@1.0.1/node_modules/tinyexec/dist/main.js:530:13)
@serp-co:typecheck:     at process.processTicksAndRejections (node:internal/process/task_queues:105:5)
@serp-co:typecheck:     at async Object.run (/Users/devin/repos/projects/serp-monorepo/node_modules/.pnpm/@nuxt+cli@3.25.1_magicast@0.3.5/node_modules/@nuxt/cli/dist/chunks/typecheck.mjs:70:9)
@serp-co:typecheck:     at async runCommand (/Users/devin/repos/projects/serp-monorepo/node_modules/.pnpm/citty@0.1.6/node_modules/citty/dist/index.mjs:316:16)
@serp-co:typecheck:     at async runCommand (/Users/devin/repos/projects/serp-monorepo/node_modules/.pnpm/citty@0.1.6/node_modules/citty/dist/index.mjs:307:11)
@serp-co:typecheck:     at async runMain (/Users/devin/repos/projects/serp-monorepo/node_modules/.pnpm/citty@0.1.6/node_modules/citty/dist/index.mjs:445:7) 
@serp-co:typecheck: 
@serp-co:typecheck: 
@serp-co:typecheck: 
@serp-co:typecheck:  ERROR  Process exited with non-zero status (2)
@serp-co:typecheck: 
@dev:typecheck: 
@dev:typecheck:  ERROR  Process exited with non-zero status (2)
@dev:typecheck: 
@dev:typecheck:     at R._waitForOutput (/Users/devin/repos/projects/serp-monorepo/node_modules/.pnpm/tinyexec@1.0.1/node_modules/tinyexec/dist/main.js:530:13)
@dev:typecheck:     at process.processTicksAndRejections (node:internal/process/task_queues:105:5)
@dev:typecheck:     at async Object.run (/Users/devin/repos/projects/serp-monorepo/node_modules/.pnpm/@nuxt+cli@3.25.1_magicast@0.3.5/node_modules/@nuxt/cli/dist/chunks/typecheck.mjs:70:9)
@dev:typecheck:     at async runCommand (/Users/devin/repos/projects/serp-monorepo/node_modules/.pnpm/citty@0.1.6/node_modules/citty/dist/index.mjs:316:16)
@dev:typecheck:     at async runCommand (/Users/devin/repos/projects/serp-monorepo/node_modules/.pnpm/citty@0.1.6/node_modules/citty/dist/index.mjs:307:11)
@dev:typecheck:     at async runMain (/Users/devin/repos/projects/serp-monorepo/node_modules/.pnpm/citty@0.1.6/node_modules/citty/dist/index.mjs:445:7) 
@dev:typecheck: 
@dev:typecheck: 
@dev:typecheck: 
@dev:typecheck:  ERROR  Process exited with non-zero status (2)
@dev:typecheck: 
@serp-co:typecheck:  ELIFECYCLE  Command failed with exit code 1.
@dev:typecheck:  ELIFECYCLE  Command failed with exit code 1.
@serp-co:typecheck: command finished with error, but continuing...
@dev:typecheck: command finished with error, but continuing...
@boxingundefeated-com#typecheck: command (/Users/devin/repos/projects/serp-monorepo/apps/boxingundefeated-com) /Users/devin/Library/pnpm/pnpm run typecheck exited (1)
@serp-ai#typecheck: command (/Users/devin/repos/projects/serp-monorepo/apps/serp-ai) /Users/devin/Library/pnpm/pnpm run typecheck exited (1)
@daft-fm#typecheck: command (/Users/devin/repos/projects/serp-monorepo/apps/daft-fm) /Users/devin/Library/pnpm/pnpm run typecheck exited (1)
@serp-media#typecheck: command (/Users/devin/repos/projects/serp-monorepo/apps/serp-media) /Users/devin/Library/pnpm/pnpm run typecheck exited (1)
@serp-co#typecheck: command (/Users/devin/repos/projects/serp-monorepo/apps/serp-co) /Users/devin/Library/pnpm/pnpm run typecheck exited (1)
@dev#typecheck: command (/Users/devin/repos/projects/serp-monorepo/apps/dev) /Users/devin/Library/pnpm/pnpm run typecheck exited (1)

 Tasks:    0 successful, 6 total
Cached:    0 cached, 6 total
  Time:    13.375s 
Failed:    @boxingundefeated-com#typecheck, @daft-fm#typecheck, @dev#typecheck, @serp-ai#typecheck, @serp-co#typecheck, @serp-media#typecheck

 ERROR  run failed: command  exited (1)
